<?xml version="1.0" encoding="UTF-8"?>
<testng-results ignored="0" total="1" passed="1" failed="0" skipped="0">
  <reporter-output>
  </reporter-output>
  <suite started-at="2021-10-06T03:09:29 IST" name="Suite" finished-at="2021-10-06T03:10:15 IST" duration-ms="46052">
    <groups>
    </groups>
    <test started-at="2021-10-06T03:09:29 IST" name="Test" finished-at="2021-10-06T03:10:15 IST" duration-ms="46052">
      <class name="SeleniumProject.Test_Amezon.Lunch">
        <test-method signature="lunch()[pri:0, instance:SeleniumProject.Test_Amezon.Lunch@49dc7102]" started-at="2021-10-06T03:09:29 IST" name="lunch" finished-at="2021-10-06T03:10:15 IST" duration-ms="45913" status="PASS">
          <reporter-output>
          </reporter-output>
        </test-method> <!-- lunch -->
      </class> <!-- SeleniumProject.Test_Amezon.Lunch -->
    </test> <!-- Test -->
  </suite> <!-- Suite -->
</testng-results>
